# JRE version: OpenJDK Runtime Environment (22.0.1+8) (build 22.0.1+8-16)
# Java VM: OpenJDK 64-Bit Server VM (22.0.1+8-16, mixed mode, sharing, tiered, compressed oops, compressed class ptrs, g1 gc, windows-amd64)
GC Precious Log:
 CardTable entry size: 512
 Card Set container configuration: InlinePtr #cards 4 size 8 Array Of Cards #cards 16 size 48 Howl #buckets 8 coarsen threshold 3686 Howl Bitmap #cards 512 size 80 coarsen threshold 460 Card regions per heap region 1 cards per card region 4096
 CPUs: 16 total, 16 available
 Memory: 15607M
 Large Page Support: Disabled
 NUMA Support: Disabled
 Compressed Oops: Enabled (Zero based)
 Heap Region Size: 2M
 Heap Min Capacity: 8M
 Heap Initial Capacity: 244M
 Heap Max Capacity: 3902M
 Pre-touch: Disabled
 Parallel Workers: 13
 Concurrent Workers: 3
 Concurrent Refinement Workers: 13
 Periodic GC: Disabled
Heap:
 garbage-first heap   total reserved 3995648K, committed 774144K, used 377214K [0x000000070c200000, 0x0000000800000000)
  region size 2048K, 184 young (376832K), 1 survivors (2048K)
 Metaspace       used 3191K, committed 3584K, reserved 1114112K
  class space    used 255K, committed 448K, reserved 1048576K
GC Heap History (20 events):
Event: 5.288 GC heap before
{Heap before GC invocations=67 (full 0):
 garbage-first heap   total reserved 3995648K, committed 774144K, used 465174K [0x000000070c200000, 0x0000000800000000)
  region size 2048K, 226 young (462848K), 1 survivors (2048K)
 Metaspace       used 3177K, committed 3584K, reserved 1114112K
  class space    used 255K, committed 448K, reserved 1048576K
}
Event: 5.288 GC heap after
{Heap after GC invocations=68 (full 0):
 garbage-first heap   total reserved 3995648K, committed 774144K, used 6438K [0x000000070c200000, 0x0000000800000000)
  region size 2048K, 1 young (2048K), 1 survivors (2048K)
 Metaspace       used 3177K, committed 3584K, reserved 1114112K
  class space    used 255K, committed 448K, reserved 1048576K
}
Event: 5.343 GC heap before
{Heap before GC invocations=68 (full 0):
 garbage-first heap   total reserved 3995648K, committed 774144K, used 465190K [0x000000070c200000, 0x0000000800000000)
  region size 2048K, 226 young (462848K), 1 survivors (2048K)
 Metaspace       used 3177K, committed 3584K, reserved 1114112K
  class space    used 255K, committed 448K, reserved 1048576K
}
Event: 5.344 GC heap after
{Heap after GC invocations=69 (full 0):
 garbage-first heap   total reserved 3995648K, committed 774144K, used 6439K [0x000000070c200000, 0x0000000800000000)
  region size 2048K, 1 young (2048K), 1 survivors (2048K)
 Metaspace       used 3177K, committed 3584K, reserved 1114112K
  class space    used 255K, committed 448K, reserved 1048576K
}
Event: 5.405 GC heap before
{Heap before GC invocations=69 (full 0):
 garbage-first heap   total reserved 3995648K, committed 774144K, used 465191K [0x000000070c200000, 0x0000000800000000)
  region size 2048K, 226 young (462848K), 1 survivors (2048K)
 Metaspace       used 3182K, committed 3584K, reserved 1114112K
  class space    used 255K, committed 448K, reserved 1048576K
}
Event: 5.405 GC heap after
{Heap after GC invocations=70 (full 0):
 garbage-first heap   total reserved 3995648K, committed 774144K, used 6427K [0x000000070c200000, 0x0000000800000000)
  region size 2048K, 1 young (2048K), 1 survivors (2048K)
 Metaspace       used 3182K, committed 3584K, reserved 1114112K
  class space    used 255K, committed 448K, reserved 1048576K
}
Event: 5.466 GC heap before
{Heap before GC invocations=70 (full 0):
 garbage-first heap   total reserved 3995648K, committed 774144K, used 465179K [0x000000070c200000, 0x0000000800000000)
  region size 2048K, 226 young (462848K), 1 survivors (2048K)
 Metaspace       used 3182K, committed 3584K, reserved 1114112K
  class space    used 255K, committed 448K, reserved 1048576K
}
Event: 5.468 GC heap after
{Heap after GC invocations=71 (full 0):
 garbage-first heap   total reserved 3995648K, committed 774144K, used 6448K [0x000000070c200000, 0x0000000800000000)
  region size 2048K, 1 young (2048K), 1 survivors (2048K)
 Metaspace       used 3182K, committed 3584K, reserved 1114112K
  class space    used 255K, committed 448K, reserved 1048576K
}
Event: 5.556 GC heap before
{Heap before GC invocations=71 (full 0):
 garbage-first heap   total reserved 3995648K, committed 774144K, used 465200K [0x000000070c200000, 0x0000000800000000)
  region size 2048K, 226 young (462848K), 1 survivors (2048K)
 Metaspace       used 3183K, committed 3584K, reserved 1114112K
  class space    used 255K, committed 448K, reserved 1048576K
}
Event: 5.556 GC heap after
{Heap after GC invocations=72 (full 0):
 garbage-first heap   total reserved 3995648K, committed 774144K, used 6452K [0x000000070c200000, 0x0000000800000000)
  region size 2048K, 1 young (2048K), 1 survivors (2048K)
 Metaspace       used 3183K, committed 3584K, reserved 1114112K
  class space    used 255K, committed 448K, reserved 1048576K
}
Event: 5.635 GC heap before
{Heap before GC invocations=72 (full 0):
 garbage-first heap   total reserved 3995648K, committed 774144K, used 465204K [0x000000070c200000, 0x0000000800000000)
  region size 2048K, 226 young (462848K), 1 survivors (2048K)
 Metaspace       used 3183K, committed 3584K, reserved 1114112K
  class space    used 255K, committed 448K, reserved 1048576K
}
Event: 5.636 GC heap after
{Heap after GC invocations=73 (full 0):
 garbage-first heap   total reserved 3995648K, committed 774144K, used 6454K [0x000000070c200000, 0x0000000800000000)
  region size 2048K, 1 young (2048K), 1 survivors (2048K)
 Metaspace       used 3183K, committed 3584K, reserved 1114112K
  class space    used 255K, committed 448K, reserved 1048576K
}
Event: 5.696 GC heap before
{Heap before GC invocations=73 (full 0):
 garbage-first heap   total reserved 3995648K, committed 774144K, used 465206K [0x000000070c200000, 0x0000000800000000)
  region size 2048K, 226 young (462848K), 1 survivors (2048K)
 Metaspace       used 3183K, committed 3584K, reserved 1114112K
  class space    used 255K, committed 448K, reserved 1048576K
}
Event: 5.697 GC heap after
{Heap after GC invocations=74 (full 0):
 garbage-first heap   total reserved 3995648K, committed 774144K, used 6486K [0x000000070c200000, 0x0000000800000000)
  region size 2048K, 1 young (2048K), 1 survivors (2048K)
 Metaspace       used 3183K, committed 3584K, reserved 1114112K
  class space    used 255K, committed 448K, reserved 1048576K
}
Event: 5.759 GC heap before
{Heap before GC invocations=74 (full 0):
 garbage-first heap   total reserved 3995648K, committed 774144K, used 465238K [0x000000070c200000, 0x0000000800000000)
  region size 2048K, 226 young (462848K), 1 survivors (2048K)
 Metaspace       used 3183K, committed 3584K, reserved 1114112K
  class space    used 255K, committed 448K, reserved 1048576K
}
Event: 5.759 GC heap after
{Heap after GC invocations=75 (full 0):
 garbage-first heap   total reserved 3995648K, committed 774144K, used 6490K [0x000000070c200000, 0x0000000800000000)
  region size 2048K, 1 young (2048K), 1 survivors (2048K)
 Metaspace       used 3183K, committed 3584K, reserved 1114112K
  class space    used 255K, committed 448K, reserved 1048576K
}
Event: 5.830 GC heap before
{Heap before GC invocations=75 (full 0):
 garbage-first heap   total reserved 3995648K, committed 774144K, used 465242K [0x000000070c200000, 0x0000000800000000)
  region size 2048K, 226 young (462848K), 1 survivors (2048K)
 Metaspace       used 3183K, committed 3584K, reserved 1114112K
  class space    used 255K, committed 448K, reserved 1048576K
}
Event: 5.830 GC heap after
{Heap after GC invocations=76 (full 0):
 garbage-first heap   total reserved 3995648K, committed 774144K, used 6491K [0x000000070c200000, 0x0000000800000000)
  region size 2048K, 1 young (2048K), 1 survivors (2048K)
 Metaspace       used 3183K, committed 3584K, reserved 1114112K
  class space    used 255K, committed 448K, reserved 1048576K
}
Event: 5.896 GC heap before
{Heap before GC invocations=76 (full 0):
 garbage-first heap   total reserved 3995648K, committed 774144K, used 465243K [0x000000070c200000, 0x0000000800000000)
  region size 2048K, 226 young (462848K), 1 survivors (2048K)
 Metaspace       used 3187K, committed 3584K, reserved 1114112K
  class space    used 255K, committed 448K, reserved 1048576K
}
Event: 5.897 GC heap after
{Heap after GC invocations=77 (full 0):
 garbage-first heap   total reserved 3995648K, committed 774144K, used 6493K [0x000000070c200000, 0x0000000800000000)
  region size 2048K, 1 young (2048K), 1 survivors (2048K)
 Metaspace       used 3187K, committed 3584K, reserved 1114112K
  class space    used 255K, committed 448K, reserved 1048576K
}

