# JRE version: OpenJDK Runtime Environment (22.0.1+8) (build 22.0.1+8-16)
# Java VM: OpenJDK 64-Bit Server VM (22.0.1+8-16, mixed mode, sharing, tiered, compressed oops, compressed class ptrs, g1 gc, windows-amd64)
GC Precious Log:
 CardTable entry size: 512
 Card Set container configuration: InlinePtr #cards 4 size 8 Array Of Cards #cards 16 size 48 Howl #buckets 8 coarsen threshold 3686 Howl Bitmap #cards 512 size 80 coarsen threshold 460 Card regions per heap region 1 cards per card region 4096
 CPUs: 16 total, 16 available
 Memory: 15607M
 Large Page Support: Disabled
 NUMA Support: Disabled
 Compressed Oops: Enabled (Zero based)
 Heap Region Size: 2M
 Heap Min Capacity: 8M
 Heap Initial Capacity: 244M
 Heap Max Capacity: 3902M
 Pre-touch: Disabled
 Parallel Workers: 13
 Concurrent Workers: 3
 Concurrent Refinement Workers: 13
 Periodic GC: Disabled
Heap:
 garbage-first heap   total reserved 3995648K, committed 249856K, used 54527K [0x000000070c200000, 0x0000000800000000)
  region size 2048K, 28 young (57344K), 2 survivors (4096K)
 Metaspace       used 3825K, committed 4352K, reserved 1114112K
  class space    used 333K, committed 576K, reserved 1048576K
GC Heap History (20 events):
Event: 132.979 GC heap before
{Heap before GC invocations=3 (full 0):
 garbage-first heap   total reserved 3995648K, committed 249856K, used 146371K [0x000000070c200000, 0x0000000800000000)
  region size 2048K, 73 young (149504K), 2 survivors (4096K)
 Metaspace       used 3370K, committed 3840K, reserved 1114112K
  class space    used 283K, committed 512K, reserved 1048576K
}
Event: 132.982 GC heap after
{Heap after GC invocations=4 (full 0):
 garbage-first heap   total reserved 3995648K, committed 249856K, used 2924K [0x000000070c200000, 0x0000000800000000)
  region size 2048K, 2 young (4096K), 2 survivors (4096K)
 Metaspace       used 3370K, committed 3840K, reserved 1114112K
  class space    used 283K, committed 512K, reserved 1048576K
}
Event: 187.682 GC heap before
{Heap before GC invocations=4 (full 0):
 garbage-first heap   total reserved 3995648K, committed 249856K, used 148332K [0x000000070c200000, 0x0000000800000000)
  region size 2048K, 73 young (149504K), 2 survivors (4096K)
 Metaspace       used 3436K, committed 3904K, reserved 1114112K
  class space    used 284K, committed 512K, reserved 1048576K
}
Event: 187.685 GC heap after
{Heap after GC invocations=5 (full 0):
 garbage-first heap   total reserved 3995648K, committed 249856K, used 3147K [0x000000070c200000, 0x0000000800000000)
  region size 2048K, 2 young (4096K), 2 survivors (4096K)
 Metaspace       used 3436K, committed 3904K, reserved 1114112K
  class space    used 284K, committed 512K, reserved 1048576K
}
Event: 256.576 GC heap before
{Heap before GC invocations=5 (full 0):
 garbage-first heap   total reserved 3995648K, committed 249856K, used 148555K [0x000000070c200000, 0x0000000800000000)
  region size 2048K, 73 young (149504K), 2 survivors (4096K)
 Metaspace       used 3489K, committed 3968K, reserved 1114112K
  class space    used 284K, committed 512K, reserved 1048576K
}
Event: 256.580 GC heap after
{Heap after GC invocations=6 (full 0):
 garbage-first heap   total reserved 3995648K, committed 249856K, used 3260K [0x000000070c200000, 0x0000000800000000)
  region size 2048K, 2 young (4096K), 2 survivors (4096K)
 Metaspace       used 3489K, committed 3968K, reserved 1114112K
  class space    used 284K, committed 512K, reserved 1048576K
}
Event: 339.600 GC heap before
{Heap before GC invocations=6 (full 0):
 garbage-first heap   total reserved 3995648K, committed 249856K, used 148668K [0x000000070c200000, 0x0000000800000000)
  region size 2048K, 73 young (149504K), 2 survivors (4096K)
 Metaspace       used 3489K, committed 3968K, reserved 1114112K
  class space    used 284K, committed 512K, reserved 1048576K
}
Event: 339.604 GC heap after
{Heap after GC invocations=7 (full 0):
 garbage-first heap   total reserved 3995648K, committed 249856K, used 3047K [0x000000070c200000, 0x0000000800000000)
  region size 2048K, 2 young (4096K), 2 survivors (4096K)
 Metaspace       used 3489K, committed 3968K, reserved 1114112K
  class space    used 284K, committed 512K, reserved 1048576K
}
Event: 399.318 GC heap before
{Heap before GC invocations=7 (full 0):
 garbage-first heap   total reserved 3995648K, committed 249856K, used 148455K [0x000000070c200000, 0x0000000800000000)
  region size 2048K, 73 young (149504K), 2 survivors (4096K)
 Metaspace       used 3748K, committed 4288K, reserved 1114112K
  class space    used 327K, committed 576K, reserved 1048576K
}
Event: 399.321 GC heap after
{Heap after GC invocations=8 (full 0):
 garbage-first heap   total reserved 3995648K, committed 249856K, used 3151K [0x000000070c200000, 0x0000000800000000)
  region size 2048K, 2 young (4096K), 2 survivors (4096K)
 Metaspace       used 3748K, committed 4288K, reserved 1114112K
  class space    used 327K, committed 576K, reserved 1048576K
}
Event: 524.740 GC heap before
{Heap before GC invocations=8 (full 0):
 garbage-first heap   total reserved 3995648K, committed 249856K, used 148559K [0x000000070c200000, 0x0000000800000000)
  region size 2048K, 73 young (149504K), 2 survivors (4096K)
 Metaspace       used 3790K, committed 4288K, reserved 1114112K
  class space    used 333K, committed 576K, reserved 1048576K
}
Event: 524.742 GC heap after
{Heap after GC invocations=9 (full 0):
 garbage-first heap   total reserved 3995648K, committed 249856K, used 3316K [0x000000070c200000, 0x0000000800000000)
  region size 2048K, 2 young (4096K), 2 survivors (4096K)
 Metaspace       used 3790K, committed 4288K, reserved 1114112K
  class space    used 333K, committed 576K, reserved 1048576K
}
Event: 637.892 GC heap before
{Heap before GC invocations=9 (full 0):
 garbage-first heap   total reserved 3995648K, committed 249856K, used 148724K [0x000000070c200000, 0x0000000800000000)
  region size 2048K, 73 young (149504K), 2 survivors (4096K)
 Metaspace       used 3791K, committed 4288K, reserved 1114112K
  class space    used 333K, committed 576K, reserved 1048576K
}
Event: 637.895 GC heap after
{Heap after GC invocations=10 (full 0):
 garbage-first heap   total reserved 3995648K, committed 249856K, used 3203K [0x000000070c200000, 0x0000000800000000)
  region size 2048K, 2 young (4096K), 2 survivors (4096K)
 Metaspace       used 3791K, committed 4288K, reserved 1114112K
  class space    used 333K, committed 576K, reserved 1048576K
}
Event: 737.513 GC heap before
{Heap before GC invocations=10 (full 0):
 garbage-first heap   total reserved 3995648K, committed 249856K, used 148611K [0x000000070c200000, 0x0000000800000000)
  region size 2048K, 73 young (149504K), 2 survivors (4096K)
 Metaspace       used 3807K, committed 4352K, reserved 1114112K
  class space    used 333K, committed 576K, reserved 1048576K
}
Event: 737.516 GC heap after
{Heap after GC invocations=11 (full 0):
 garbage-first heap   total reserved 3995648K, committed 249856K, used 3303K [0x000000070c200000, 0x0000000800000000)
  region size 2048K, 2 young (4096K), 2 survivors (4096K)
 Metaspace       used 3807K, committed 4352K, reserved 1114112K
  class space    used 333K, committed 576K, reserved 1048576K
}
Event: 860.850 GC heap before
{Heap before GC invocations=11 (full 0):
 garbage-first heap   total reserved 3995648K, committed 249856K, used 148711K [0x000000070c200000, 0x0000000800000000)
  region size 2048K, 73 young (149504K), 2 survivors (4096K)
 Metaspace       used 3809K, committed 4352K, reserved 1114112K
  class space    used 333K, committed 576K, reserved 1048576K
}
Event: 860.853 GC heap after
{Heap after GC invocations=12 (full 0):
 garbage-first heap   total reserved 3995648K, committed 249856K, used 3312K [0x000000070c200000, 0x0000000800000000)
  region size 2048K, 2 young (4096K), 2 survivors (4096K)
 Metaspace       used 3809K, committed 4352K, reserved 1114112K
  class space    used 333K, committed 576K, reserved 1048576K
}
Event: 956.361 GC heap before
{Heap before GC invocations=12 (full 0):
 garbage-first heap   total reserved 3995648K, committed 249856K, used 148720K [0x000000070c200000, 0x0000000800000000)
  region size 2048K, 73 young (149504K), 2 survivors (4096K)
 Metaspace       used 3824K, committed 4352K, reserved 1114112K
  class space    used 333K, committed 576K, reserved 1048576K
}
Event: 956.364 GC heap after
{Heap after GC invocations=13 (full 0):
 garbage-first heap   total reserved 3995648K, committed 249856K, used 3327K [0x000000070c200000, 0x0000000800000000)
  region size 2048K, 2 young (4096K), 2 survivors (4096K)
 Metaspace       used 3824K, committed 4352K, reserved 1114112K
  class space    used 333K, committed 576K, reserved 1048576K
}

