# JRE version: OpenJDK Runtime Environment (22.0.1+8) (build 22.0.1+8-16)
# Java VM: OpenJDK 64-Bit Server VM (22.0.1+8-16, mixed mode, sharing, tiered, compressed oops, compressed class ptrs, g1 gc, windows-amd64)
GC Precious Log:
 CardTable entry size: 512
 Card Set container configuration: InlinePtr #cards 4 size 8 Array Of Cards #cards 16 size 48 Howl #buckets 8 coarsen threshold 3686 Howl Bitmap #cards 512 size 80 coarsen threshold 460 Card regions per heap region 1 cards per card region 4096
 CPUs: 16 total, 16 available
 Memory: 15607M
 Large Page Support: Disabled
 NUMA Support: Disabled
 Compressed Oops: Enabled (Zero based)
 Heap Region Size: 2M
 Heap Min Capacity: 8M
 Heap Initial Capacity: 244M
 Heap Max Capacity: 3902M
 Pre-touch: Disabled
 Parallel Workers: 13
 Concurrent Workers: 3
 Concurrent Refinement Workers: 13
 Periodic GC: Disabled
Heap:
 garbage-first heap   total reserved 3995648K, committed 249856K, used 109752K [0x000000070c200000, 0x0000000800000000)
  region size 2048K, 55 young (112640K), 2 survivors (4096K)
 Metaspace       used 3498K, committed 3904K, reserved 1114112K
  class space    used 284K, committed 512K, reserved 1048576K
GC Heap History (10 events):
Event: 6.453 GC heap before
{Heap before GC invocations=0 (full 0):
 garbage-first heap   total reserved 3995648K, committed 249856K, used 22528K [0x000000070c200000, 0x0000000800000000)
  region size 2048K, 12 young (24576K), 0 survivors (0K)
 Metaspace       used 2948K, committed 3456K, reserved 1114112K
  class space    used 272K, committed 512K, reserved 1048576K
}
Event: 6.458 GC heap after
{Heap after GC invocations=1 (full 0):
 garbage-first heap   total reserved 3995648K, committed 249856K, used 2963K [0x000000070c200000, 0x0000000800000000)
  region size 2048K, 2 young (4096K), 2 survivors (4096K)
 Metaspace       used 2948K, committed 3456K, reserved 1114112K
  class space    used 272K, committed 512K, reserved 1048576K
}
Event: 53.292 GC heap before
{Heap before GC invocations=1 (full 0):
 garbage-first heap   total reserved 3995648K, committed 249856K, used 45971K [0x000000070c200000, 0x0000000800000000)
  region size 2048K, 23 young (47104K), 2 survivors (4096K)
 Metaspace       used 3117K, committed 3584K, reserved 1114112K
  class space    used 273K, committed 512K, reserved 1048576K
}
Event: 53.295 GC heap after
{Heap after GC invocations=2 (full 0):
 garbage-first heap   total reserved 3995648K, committed 249856K, used 2778K [0x000000070c200000, 0x0000000800000000)
  region size 2048K, 2 young (4096K), 2 survivors (4096K)
 Metaspace       used 3117K, committed 3584K, reserved 1114112K
  class space    used 273K, committed 512K, reserved 1048576K
}
Event: 203.132 GC heap before
{Heap before GC invocations=2 (full 0):
 garbage-first heap   total reserved 3995648K, committed 249856K, used 148186K [0x000000070c200000, 0x0000000800000000)
  region size 2048K, 73 young (149504K), 2 survivors (4096K)
 Metaspace       used 3349K, committed 3840K, reserved 1114112K
  class space    used 283K, committed 512K, reserved 1048576K
}
Event: 203.135 GC heap after
{Heap after GC invocations=3 (full 0):
 garbage-first heap   total reserved 3995648K, committed 249856K, used 2904K [0x000000070c200000, 0x0000000800000000)
  region size 2048K, 2 young (4096K), 2 survivors (4096K)
 Metaspace       used 3349K, committed 3840K, reserved 1114112K
  class space    used 283K, committed 512K, reserved 1048576K
}
Event: 360.867 GC heap before
{Heap before GC invocations=3 (full 0):
 garbage-first heap   total reserved 3995648K, committed 249856K, used 148312K [0x000000070c200000, 0x0000000800000000)
  region size 2048K, 73 young (149504K), 2 survivors (4096K)
 Metaspace       used 3382K, committed 3904K, reserved 1114112K
  class space    used 283K, committed 512K, reserved 1048576K
}
Event: 360.870 GC heap after
{Heap after GC invocations=4 (full 0):
 garbage-first heap   total reserved 3995648K, committed 249856K, used 3025K [0x000000070c200000, 0x0000000800000000)
  region size 2048K, 2 young (4096K), 2 survivors (4096K)
 Metaspace       used 3382K, committed 3904K, reserved 1114112K
  class space    used 283K, committed 512K, reserved 1048576K
}
Event: 514.137 GC heap before
{Heap before GC invocations=4 (full 0):
 garbage-first heap   total reserved 3995648K, committed 249856K, used 148433K [0x000000070c200000, 0x0000000800000000)
  region size 2048K, 73 young (149504K), 2 survivors (4096K)
 Metaspace       used 3447K, committed 3904K, reserved 1114112K
  class space    used 284K, committed 512K, reserved 1048576K
}
Event: 514.139 GC heap after
{Heap after GC invocations=5 (full 0):
 garbage-first heap   total reserved 3995648K, committed 249856K, used 3256K [0x000000070c200000, 0x0000000800000000)
  region size 2048K, 2 young (4096K), 2 survivors (4096K)
 Metaspace       used 3447K, committed 3904K, reserved 1114112K
  class space    used 284K, committed 512K, reserved 1048576K
}

